complete getDB
complete getQdata
complete filename_changer
start_compile command
judge_tle start : g++ [m]ain.c -
true
Not action.
after judge_tle, $status is 2
update database...update DB complete! 
compile complete
update database...update DB complete! 
Start action
judge_tle start : [a].out
true
Not action.
after judge_tle, $status is 3
update database...update DB complete! 
actioning
fin Aerror log judgement
["3"] ?=? ["3"] 
get accept, status is 4
update database...update DB complete! 
judge_tle start : [a].out
true
Not action.
after judge_tle, $status is 3
update database...update DB complete! 
actioning
fin Aerror log judgement
[" + 3"] ?=? ["2 + 2"] 
get wrong answer , status is 41
update database...update DB complete! 
