a,A,wrong,9:50:7
a,A,wrong,9:49:58
a,A,wrong,9:49:48
a,A,compile error,9:49:42
a,A,compile error,9:49:33
test,B,wrong,17:28:38
fakkin,B,wrong,17:21:40
fakkin,B,wrong,16:50:9
fakkin,B,compile error,16:49:24
fakkin,B,compile error,16:48:28
fakkin,B,compile error,16:47:31
HelloWorld,B,wrong,12:22:35
HelloWorld,B,wrong,12:22:21
TestR,B,TLE,12:8:51
TestR,B,TLE,10:59:1
TestC,B,wrong,10:15:17
TestC,B,wrong,10:15:8
TestCCC,B,wrong,10:13:29
TestCC,B,wrong,10:9:44
Testjj,B,wrong,10:4:24
Testj,B,wrong,10:3:59
Testj,B,wrong,10:2:27
Testjj,B,wrong,10:2:3
Testj,B,wrong,10:1:17
Testp,B,compile error,10:0:36
Testp,B,wrong,9:48:26
Testp,B,wrong,9:42:36
Testj,B,wrong,9:37:42
Testjjj,B,wrong,9:37:15
testjjj,B,wrong,9:36:42
testjj,B,wrong,9:36:10
testjj,B,wrong,9:31:39
testj,B,wrong,9:31:20
testj,B,wrong,9:30:38
testj,B,wrong,9:30:16
testj,B,wrong,9:27:49
testj,B,wrong,9:27:5
testj,B,compile error,9:24:30
testj,B,compile error,9:24:14
testj,B,compile error,9:22:49
testj,B,compile error,9:22:3
test,B,wrong,9:10:7
test,B,wrong,9:9:57
test,B,wrong,9:9:49
test,B,wrong,9:9:5
aad,A,compile error,22:57:26
aaa,A,compile error,22:56:2
aaa,A,compile error,22:52:8
aaa,A,compile error,22:50:4
aaa,A,compile error,22:48:45
aaa,A,compile error,22:46:26
aaa,A,wrong,22:44:37
aaa,A,wrong,21:52:10
fakkin,C,accept,20:49:25
fakkin,C,TLE,20:39:59
tewset,C,TLE,19:5:19
tewset,C,TLE,19:4:58
tewset,C,TLE,19:4:6
tewset,C,TLE,19:3:4
test,E,TLE,21:13:32
test,D,wrong,21:13:5
test,D,wrong,21:12:20
test,B,TLE,21:12:3
testere,D,accept,21:1:21
testere,E,TLE,21:0:31
testere,C,TLE,20:59:45
testere,C,TLE,20:58:8
fakkin,A,accept,10:41:10
fakkin,B,accept,10:40:52
fakkin,C,accept,10:40:30
fakkin,D,accept,10:40:12
fakkin,E,wrong,10:40:1
fakkin,E,accept,10:39:27
